<?xml version="1.0" encoding="UTF-8"?>
<!-- Generated by org.testng.reporters.JUnitReportReporter -->
<testsuite hostname="RCJ" failures="0" tests="1" name="TestNg.TestNg_Assertions" time="63.074" errors="0" timestamp="2023-09-02T10:34:01 IST" skipped="0">
  <testcase classname="TestNg.TestNg_Assertions" name="Assertions" time="63.074"/>
  <system-out/>
</testsuite> <!-- TestNg.TestNg_Assertions -->
