<?xml version="1.0" encoding="UTF-8"?>
<!-- Generated by org.testng.reporters.JUnitReportReporter -->
<testsuite hostname="RCJ" failures="0" tests="4" name="TestNg.Priority_Invocation" time="0.043" errors="0" timestamp="2023-08-31T10:51:40 IST" skipped="1">
  <testcase classname="TestNg.Priority_Invocation" name="demo2" time="0.032"/>
  <system-out/>
  <testcase classname="TestNg.Priority_Invocation" name="demo2" time="0.006"/>
  <system-out/>
  <testcase classname="TestNg.Priority_Invocation" name="demo" time="0.005"/>
  <system-out/>
  <testcase classname="TestNg.Priority_Invocation" name="demo1">
    <skipped/>
  </testcase> <!-- demo1 -->
  <system-out/>
</testsuite> <!-- TestNg.Priority_Invocation -->
