<?xml version="1.0" encoding="UTF-8"?>
<!-- Generated by org.testng.reporters.JUnitReportReporter -->
<testsuite hostname="RCJ" failures="0" tests="1" name="TestNg_Fail.Facebook" time="39.147" errors="0" timestamp="2023-09-02T10:58:43 IST" skipped="0">
  <testcase classname="TestNg_Fail.Facebook" name="Fb" time="39.147"/>
  <system-out/>
</testsuite> <!-- TestNg_Fail.Facebook -->
