<?xml version="1.0" encoding="UTF-8"?>
<!-- Generated by org.testng.reporters.JUnitReportReporter -->
<testsuite hostname="RCJ" failures="0" tests="1" name="TestNg_Sequence.Amazon" time="33.358" errors="0" timestamp="2023-08-31T11:22:16 IST" skipped="0">
  <testcase classname="TestNg_Sequence.Amazon" name="amazon" time="33.358"/>
  <system-out/>
</testsuite> <!-- TestNg_Sequence.Amazon -->
