<?xml version="1.0" encoding="UTF-8"?>
<!-- Generated by org.testng.reporters.JUnitReportReporter -->
<testsuite hostname="RCJ" failures="0" tests="3" name="TestNg_Annotations.Annotations" time="41.753" errors="0" timestamp="2023-09-01T11:51:17 IST" skipped="0">
  <testcase classname="TestNg_Annotations.Annotations" name="amazonBrowser" time="14.465"/>
  <system-out/>
  <testcase classname="TestNg_Annotations.Annotations" name="fbBrowser" time="16.309"/>
  <system-out/>
  <testcase classname="TestNg_Annotations.Annotations" name="fbBrowser" time="10.979"/>
  <system-out/>
</testsuite> <!-- TestNg_Annotations.Annotations -->
