<?xml version="1.0" encoding="UTF-8"?>
<!-- Generated by org.testng.reporters.JUnitReportReporter -->
<testsuite hostname="RCJ" failures="0" tests="3" name="Data_Provider.DataProvider" time="149.286" errors="0" timestamp="2023-09-02T11:27:58 IST" skipped="0">
  <testcase classname="Data_Provider.DataProvider" name="demo" time="40.001"/>
  <system-out/>
  <testcase classname="Data_Provider.DataProvider" name="demo" time="97.079"/>
  <system-out/>
  <testcase classname="Data_Provider.DataProvider" name="demo" time="12.206"/>
  <system-out/>
</testsuite> <!-- Data_Provider.DataProvider -->
