<?xml version="1.0" encoding="UTF-8"?>
<!-- Generated by org.testng.reporters.JUnitReportReporter -->
<testsuite hostname="RCJ" failures="0" tests="1" name="TestNg_Fail.Amazon" time="48.226" errors="0" timestamp="2023-09-02T10:56:06 IST" skipped="0">
  <testcase classname="TestNg_Fail.Amazon" name="amazon" time="48.226"/>
  <system-out/>
</testsuite> <!-- TestNg_Fail.Amazon -->
