<?xml version="1.0" encoding="UTF-8"?>
<!-- Generated by org.testng.reporters.JUnitReportReporter -->
<testsuite hostname="RCJ" failures="0" tests="2" name="TestNg_Distribution.TestNg_CrossBrowser" time="161.252" errors="0" timestamp="2023-09-01T11:20:42 IST" skipped="0">
  <testcase classname="TestNg_Distribution.TestNg_CrossBrowser" name="CrossBrowser" time="46.975"/>
  <system-out/>
  <testcase classname="TestNg_Distribution.TestNg_CrossBrowser" name="CrossBrowser" time="114.277"/>
  <system-out/>
</testsuite> <!-- TestNg_Distribution.TestNg_CrossBrowser -->
